<?xml version="1.0" encoding="UTF-8"?>
<!-- Generated by org.testng.reporters.JUnitReportReporter -->
<testsuite hostname="LAPTOP-RBGRJCO9" failures="0" tests="1" name="test.PB_TC_ValidatePolicyUserName" time="34.904" errors="0" timestamp="2023-07-01T22:42:15 IST" skipped="0">
  <testcase classname="test.PB_TC_ValidatePolicyUserName" name="validateUsNm" time="34.904">
    <system-out>
      <![CDATA[This validateUsNm is succesfully completed
taking Screen shot
screenshot location isC:\Users\Hp\eclipse-workspace\PolicyBazaar\screenshots\Sangharsh Paraye PB_TC1234.png
This validateUsNm is succesfully completed]]>
    </system-out>
  </testcase> <!-- validateUsNm -->
  <system-out>
    <![CDATA[Wai for 2000 mill sec
opening the Broewser
Wai for 4000 mill sec
Wai for 4000 mill sec
Wai for 4000 mill sec
Wai for 4000 mill sec
Wai for 4000 mill sec
Wai for 4000 mill sec
Wai for 4000 mill sec
Wai for 3000 mill sec
This validateUsNm is succesfully completed
taking Screen shot
screenshot location isC:\Users\Hp\eclipse-workspace\PolicyBazaar\screenshots\Sangharsh Paraye PB_TC1234.png
This validateUsNm is succesfully completed
Wai for 3000 mill sec
Wai for 1000 mill sec
closing the Browser]]>
  </system-out>
</testsuite> <!-- test.PB_TC_ValidatePolicyUserName -->
