<?xml version="1.0" encoding="UTF-8"?>
<!-- Generated by org.testng.reporters.JUnitReportReporter -->
<testsuite hostname="LAPTOP-RBGRJCO9" failures="0" tests="1" name="test.NewTest" time="6.580" errors="0" timestamp="2023-07-01T20:30:42 IST" skipped="0">
  <testcase classname="test.NewTest" name="f" time="6.580"/>
  <system-out/>
</testsuite> <!-- test.NewTest -->
